<?xml version="1.0" encoding="UTF-8"?>
<testsuite xmlns:xsi="http://www.w3.org/2001/XMLSchema-instance" xsi:noNamespaceSchemaLocation="https://maven.apache.org/surefire/maven-surefire-plugin/xsd/surefire-test-report.xsd" name="com.zhang.biyeseji.remeberme.RemebermeApplicationTests" time="16.4" tests="1" errors="0" skipped="0" failures="0">
  <properties>
    <property name="sun.desktop" value="windows"/>
    <property name="awt.toolkit" value="sun.awt.windows.WToolkit"/>
    <property name="file.encoding.pkg" value="sun.io"/>
    <property name="java.specification.version" value="1.8"/>
    <property name="sun.cpu.isalist" value="amd64"/>
    <property name="sun.jnu.encoding" value="GBK"/>
    <property name="java.class.path" value="D:\biyesheji\springbootAdmin\AdminSpringboot\remeberme\target\test-classes;D:\biyesheji\springbootAdmin\AdminSpringboot\remeberme\target\classes;C:\Users\田歌\.m2\repository\org\springframework\boot\spring-boot-starter-activemq\2.4.0\spring-boot-starter-activemq-2.4.0.jar;C:\Users\田歌\.m2\repository\org\springframework\boot\spring-boot-starter\2.4.0\spring-boot-starter-2.4.0.jar;C:\Users\田歌\.m2\repository\jakarta\annotation\jakarta.annotation-api\1.3.5\jakarta.annotation-api-1.3.5.jar;C:\Users\田歌\.m2\repository\org\yaml\snakeyaml\1.27\snakeyaml-1.27.jar;C:\Users\田歌\.m2\repository\org\springframework\spring-jms\5.3.1\spring-jms-5.3.1.jar;C:\Users\田歌\.m2\repository\org\springframework\spring-beans\5.3.1\spring-beans-5.3.1.jar;C:\Users\田歌\.m2\repository\org\springframework\spring-messaging\5.3.1\spring-messaging-5.3.1.jar;C:\Users\田歌\.m2\repository\org\springframework\spring-tx\5.3.1\spring-tx-5.3.1.jar;C:\Users\田歌\.m2\repository\org\apache\activemq\activemq-broker\5.16.0\activemq-broker-5.16.0.jar;C:\Users\田歌\.m2\repository\org\apache\activemq\activemq-client\5.16.0\activemq-client-5.16.0.jar;C:\Users\田歌\.m2\repository\org\fusesource\hawtbuf\hawtbuf\1.11\hawtbuf-1.11.jar;C:\Users\田歌\.m2\repository\org\apache\geronimo\specs\geronimo-j2ee-management_1.1_spec\1.0.1\geronimo-j2ee-management_1.1_spec-1.0.1.jar;C:\Users\田歌\.m2\repository\org\apache\activemq\activemq-openwire-legacy\5.16.0\activemq-openwire-legacy-5.16.0.jar;C:\Users\田歌\.m2\repository\jakarta\jms\jakarta.jms-api\2.0.3\jakarta.jms-api-2.0.3.jar;C:\Users\田歌\.m2\repository\com\alibaba\fastjson\1.2.66\fastjson-1.2.66.jar;C:\Users\田歌\.m2\repository\org\elasticsearch\client\elasticsearch-rest-high-level-client\7.4.2\elasticsearch-rest-high-level-client-7.4.2.jar;C:\Users\田歌\.m2\repository\org\elasticsearch\elasticsearch\7.4.2\elasticsearch-7.4.2.jar;C:\Users\田歌\.m2\repository\org\elasticsearch\elasticsearch-core\7.4.2\elasticsearch-core-7.4.2.jar;C:\Users\田歌\.m2\repository\org\elasticsearch\elasticsearch-secure-sm\7.4.2\elasticsearch-secure-sm-7.4.2.jar;C:\Users\田歌\.m2\repository\org\elasticsearch\elasticsearch-x-content\7.4.2\elasticsearch-x-content-7.4.2.jar;C:\Users\田歌\.m2\repository\com\fasterxml\jackson\dataformat\jackson-dataformat-smile\2.11.3\jackson-dataformat-smile-2.11.3.jar;C:\Users\田歌\.m2\repository\com\fasterxml\jackson\dataformat\jackson-dataformat-yaml\2.11.3\jackson-dataformat-yaml-2.11.3.jar;C:\Users\田歌\.m2\repository\com\fasterxml\jackson\dataformat\jackson-dataformat-cbor\2.11.3\jackson-dataformat-cbor-2.11.3.jar;C:\Users\田歌\.m2\repository\org\elasticsearch\elasticsearch-geo\7.4.2\elasticsearch-geo-7.4.2.jar;C:\Users\田歌\.m2\repository\org\apache\lucene\lucene-core\8.2.0\lucene-core-8.2.0.jar;C:\Users\田歌\.m2\repository\org\apache\lucene\lucene-analyzers-common\8.2.0\lucene-analyzers-common-8.2.0.jar;C:\Users\田歌\.m2\repository\org\apache\lucene\lucene-backward-codecs\8.2.0\lucene-backward-codecs-8.2.0.jar;C:\Users\田歌\.m2\repository\org\apache\lucene\lucene-grouping\8.2.0\lucene-grouping-8.2.0.jar;C:\Users\田歌\.m2\repository\org\apache\lucene\lucene-highlighter\8.2.0\lucene-highlighter-8.2.0.jar;C:\Users\田歌\.m2\repository\org\apache\lucene\lucene-join\8.2.0\lucene-join-8.2.0.jar;C:\Users\田歌\.m2\repository\org\apache\lucene\lucene-memory\8.2.0\lucene-memory-8.2.0.jar;C:\Users\田歌\.m2\repository\org\apache\lucene\lucene-misc\8.2.0\lucene-misc-8.2.0.jar;C:\Users\田歌\.m2\repository\org\apache\lucene\lucene-queries\8.2.0\lucene-queries-8.2.0.jar;C:\Users\田歌\.m2\repository\org\apache\lucene\lucene-queryparser\8.2.0\lucene-queryparser-8.2.0.jar;C:\Users\田歌\.m2\repository\org\apache\lucene\lucene-sandbox\8.2.0\lucene-sandbox-8.2.0.jar;C:\Users\田歌\.m2\repository\org\apache\lucene\lucene-spatial\8.2.0\lucene-spatial-8.2.0.jar;C:\Users\田歌\.m2\repository\org\apache\lucene\lucene-spatial-extras\8.2.0\lucene-spatial-extras-8.2.0.jar;C:\Users\田歌\.m2\repository\org\apache\lucene\lucene-spatial3d\8.2.0\lucene-spatial3d-8.2.0.jar;C:\Users\田歌\.m2\repository\org\apache\lucene\lucene-suggest\8.2.0\lucene-suggest-8.2.0.jar;C:\Users\田歌\.m2\repository\org\elasticsearch\elasticsearch-cli\7.4.2\elasticsearch-cli-7.4.2.jar;C:\Users\田歌\.m2\repository\net\sf\jopt-simple\jopt-simple\5.0.2\jopt-simple-5.0.2.jar;C:\Users\田歌\.m2\repository\com\carrotsearch\hppc\0.8.1\hppc-0.8.1.jar;C:\Users\田歌\.m2\repository\joda-time\joda-time\2.10.3\joda-time-2.10.3.jar;C:\Users\田歌\.m2\repository\com\tdunning\t-digest\3.2\t-digest-3.2.jar;C:\Users\田歌\.m2\repository\org\hdrhistogram\HdrHistogram\2.1.9\HdrHistogram-2.1.9.jar;C:\Users\田歌\.m2\repository\org\apache\logging\log4j\log4j-api\2.13.3\log4j-api-2.13.3.jar;C:\Users\田歌\.m2\repository\org\elasticsearch\jna\4.5.1\jna-4.5.1.jar;C:\Users\田歌\.m2\repository\org\elasticsearch\client\elasticsearch-rest-client\7.4.2\elasticsearch-rest-client-7.4.2.jar;C:\Users\田歌\.m2\repository\org\apache\httpcomponents\httpclient\4.5.13\httpclient-4.5.13.jar;C:\Users\田歌\.m2\repository\org\apache\httpcomponents\httpcore\4.4.13\httpcore-4.4.13.jar;C:\Users\田歌\.m2\repository\org\apache\httpcomponents\httpasyncclient\4.1.4\httpasyncclient-4.1.4.jar;C:\Users\田歌\.m2\repository\org\apache\httpcomponents\httpcore-nio\4.4.13\httpcore-nio-4.4.13.jar;C:\Users\田歌\.m2\repository\org\elasticsearch\plugin\mapper-extras-client\7.4.2\mapper-extras-client-7.4.2.jar;C:\Users\田歌\.m2\repository\org\elasticsearch\plugin\parent-join-client\7.4.2\parent-join-client-7.4.2.jar;C:\Users\田歌\.m2\repository\org\elasticsearch\plugin\aggs-matrix-stats-client\7.4.2\aggs-matrix-stats-client-7.4.2.jar;C:\Users\田歌\.m2\repository\org\elasticsearch\plugin\rank-eval-client\7.4.2\rank-eval-client-7.4.2.jar;C:\Users\田歌\.m2\repository\org\elasticsearch\plugin\lang-mustache-client\7.4.2\lang-mustache-client-7.4.2.jar;C:\Users\田歌\.m2\repository\com\github\spullara\mustache\java\compiler\0.9.3\compiler-0.9.3.jar;C:\Users\田歌\.m2\repository\org\projectlombok\lombok\1.16.18\lombok-1.16.18.jar;C:\Users\田歌\.m2\repository\org\springframework\boot\spring-boot-starter-logging\2.1.6.RELEASE\spring-boot-starter-logging-2.1.6.RELEASE.jar;C:\Users\田歌\.m2\repository\ch\qos\logback\logback-classic\1.2.3\logback-classic-1.2.3.jar;C:\Users\田歌\.m2\repository\ch\qos\logback\logback-core\1.2.3\logback-core-1.2.3.jar;C:\Users\田歌\.m2\repository\org\apache\logging\log4j\log4j-to-slf4j\2.13.3\log4j-to-slf4j-2.13.3.jar;C:\Users\田歌\.m2\repository\org\slf4j\jul-to-slf4j\1.7.30\jul-to-slf4j-1.7.30.jar;C:\Users\田歌\.m2\repository\org\springframework\boot\spring-boot-starter-data-redis\2.4.0\spring-boot-starter-data-redis-2.4.0.jar;C:\Users\田歌\.m2\repository\org\springframework\data\spring-data-redis\2.4.1\spring-data-redis-2.4.1.jar;C:\Users\田歌\.m2\repository\org\springframework\data\spring-data-keyvalue\2.4.1\spring-data-keyvalue-2.4.1.jar;C:\Users\田歌\.m2\repository\org\springframework\data\spring-data-commons\2.4.1\spring-data-commons-2.4.1.jar;C:\Users\田歌\.m2\repository\org\springframework\spring-oxm\5.3.1\spring-oxm-5.3.1.jar;C:\Users\田歌\.m2\repository\org\springframework\spring-aop\5.3.1\spring-aop-5.3.1.jar;C:\Users\田歌\.m2\repository\io\lettuce\lettuce-core\6.0.1.RELEASE\lettuce-core-6.0.1.RELEASE.jar;C:\Users\田歌\.m2\repository\io\netty\netty-common\4.1.54.Final\netty-common-4.1.54.Final.jar;C:\Users\田歌\.m2\repository\io\netty\netty-handler\4.1.54.Final\netty-handler-4.1.54.Final.jar;C:\Users\田歌\.m2\repository\io\netty\netty-resolver\4.1.54.Final\netty-resolver-4.1.54.Final.jar;C:\Users\田歌\.m2\repository\io\netty\netty-buffer\4.1.54.Final\netty-buffer-4.1.54.Final.jar;C:\Users\田歌\.m2\repository\io\netty\netty-codec\4.1.54.Final\netty-codec-4.1.54.Final.jar;C:\Users\田歌\.m2\repository\io\netty\netty-transport\4.1.54.Final\netty-transport-4.1.54.Final.jar;C:\Users\田歌\.m2\repository\io\projectreactor\reactor-core\3.4.0\reactor-core-3.4.0.jar;C:\Users\田歌\.m2\repository\org\reactivestreams\reactive-streams\1.0.3\reactive-streams-1.0.3.jar;C:\Users\田歌\.m2\repository\org\springframework\boot\spring-boot-starter-jdbc\2.4.0\spring-boot-starter-jdbc-2.4.0.jar;C:\Users\田歌\.m2\repository\com\zaxxer\HikariCP\3.4.5\HikariCP-3.4.5.jar;C:\Users\田歌\.m2\repository\org\springframework\spring-jdbc\5.3.1\spring-jdbc-5.3.1.jar;C:\Users\田歌\.m2\repository\org\springframework\boot\spring-boot-starter-web\2.4.0\spring-boot-starter-web-2.4.0.jar;C:\Users\田歌\.m2\repository\org\springframework\boot\spring-boot-starter-json\2.4.0\spring-boot-starter-json-2.4.0.jar;C:\Users\田歌\.m2\repository\com\fasterxml\jackson\datatype\jackson-datatype-jdk8\2.11.3\jackson-datatype-jdk8-2.11.3.jar;C:\Users\田歌\.m2\repository\com\fasterxml\jackson\datatype\jackson-datatype-jsr310\2.11.3\jackson-datatype-jsr310-2.11.3.jar;C:\Users\田歌\.m2\repository\com\fasterxml\jackson\module\jackson-module-parameter-names\2.11.3\jackson-module-parameter-names-2.11.3.jar;C:\Users\田歌\.m2\repository\org\springframework\boot\spring-boot-starter-tomcat\2.4.0\spring-boot-starter-tomcat-2.4.0.jar;C:\Users\田歌\.m2\repository\org\apache\tomcat\embed\tomcat-embed-core\9.0.39\tomcat-embed-core-9.0.39.jar;C:\Users\田歌\.m2\repository\org\glassfish\jakarta.el\3.0.3\jakarta.el-3.0.3.jar;C:\Users\田歌\.m2\repository\org\apache\tomcat\embed\tomcat-embed-websocket\9.0.39\tomcat-embed-websocket-9.0.39.jar;C:\Users\田歌\.m2\repository\org\springframework\spring-web\5.3.1\spring-web-5.3.1.jar;C:\Users\田歌\.m2\repository\org\springframework\spring-webmvc\5.3.1\spring-webmvc-5.3.1.jar;C:\Users\田歌\.m2\repository\org\springframework\spring-expression\5.3.1\spring-expression-5.3.1.jar;C:\Users\田歌\.m2\repository\org\mybatis\spring\boot\mybatis-spring-boot-starter\2.1.4\mybatis-spring-boot-starter-2.1.4.jar;C:\Users\田歌\.m2\repository\org\mybatis\spring\boot\mybatis-spring-boot-autoconfigure\2.1.4\mybatis-spring-boot-autoconfigure-2.1.4.jar;C:\Users\田歌\.m2\repository\org\mybatis\mybatis\3.5.6\mybatis-3.5.6.jar;C:\Users\田歌\.m2\repository\org\mybatis\mybatis-spring\2.0.6\mybatis-spring-2.0.6.jar;C:\Users\田歌\.m2\repository\org\springframework\boot\spring-boot-devtools\2.4.0\spring-boot-devtools-2.4.0.jar;C:\Users\田歌\.m2\repository\org\springframework\boot\spring-boot\2.4.0\spring-boot-2.4.0.jar;C:\Users\田歌\.m2\repository\org\springframework\boot\spring-boot-autoconfigure\2.4.0\spring-boot-autoconfigure-2.4.0.jar;C:\Users\田歌\.m2\repository\mysql\mysql-connector-java\5.1.35\mysql-connector-java-5.1.35.jar;C:\Users\田歌\.m2\repository\org\springframework\boot\spring-boot-starter-test\2.4.0\spring-boot-starter-test-2.4.0.jar;C:\Users\田歌\.m2\repository\org\springframework\boot\spring-boot-test\2.4.0\spring-boot-test-2.4.0.jar;C:\Users\田歌\.m2\repository\org\springframework\boot\spring-boot-test-autoconfigure\2.4.0\spring-boot-test-autoconfigure-2.4.0.jar;C:\Users\田歌\.m2\repository\com\jayway\jsonpath\json-path\2.4.0\json-path-2.4.0.jar;C:\Users\田歌\.m2\repository\net\minidev\json-smart\2.3\json-smart-2.3.jar;C:\Users\田歌\.m2\repository\net\minidev\accessors-smart\1.2\accessors-smart-1.2.jar;C:\Users\田歌\.m2\repository\org\ow2\asm\asm\5.0.4\asm-5.0.4.jar;C:\Users\田歌\.m2\repository\jakarta\xml\bind\jakarta.xml.bind-api\2.3.3\jakarta.xml.bind-api-2.3.3.jar;C:\Users\田歌\.m2\repository\jakarta\activation\jakarta.activation-api\1.2.2\jakarta.activation-api-1.2.2.jar;C:\Users\田歌\.m2\repository\org\assertj\assertj-core\3.18.1\assertj-core-3.18.1.jar;C:\Users\田歌\.m2\repository\org\hamcrest\hamcrest\2.2\hamcrest-2.2.jar;C:\Users\田歌\.m2\repository\org\junit\jupiter\junit-jupiter\5.7.0\junit-jupiter-5.7.0.jar;C:\Users\田歌\.m2\repository\org\junit\jupiter\junit-jupiter-api\5.7.0\junit-jupiter-api-5.7.0.jar;C:\Users\田歌\.m2\repository\org\apiguardian\apiguardian-api\1.1.0\apiguardian-api-1.1.0.jar;C:\Users\田歌\.m2\repository\org\opentest4j\opentest4j\1.2.0\opentest4j-1.2.0.jar;C:\Users\田歌\.m2\repository\org\junit\platform\junit-platform-commons\1.7.0\junit-platform-commons-1.7.0.jar;C:\Users\田歌\.m2\repository\org\junit\jupiter\junit-jupiter-params\5.7.0\junit-jupiter-params-5.7.0.jar;C:\Users\田歌\.m2\repository\org\junit\jupiter\junit-jupiter-engine\5.7.0\junit-jupiter-engine-5.7.0.jar;C:\Users\田歌\.m2\repository\org\junit\platform\junit-platform-engine\1.7.0\junit-platform-engine-1.7.0.jar;C:\Users\田歌\.m2\repository\org\mockito\mockito-core\3.6.0\mockito-core-3.6.0.jar;C:\Users\田歌\.m2\repository\net\bytebuddy\byte-buddy\1.10.18\byte-buddy-1.10.18.jar;C:\Users\田歌\.m2\repository\net\bytebuddy\byte-buddy-agent\1.10.18\byte-buddy-agent-1.10.18.jar;C:\Users\田歌\.m2\repository\org\objenesis\objenesis\3.1\objenesis-3.1.jar;C:\Users\田歌\.m2\repository\org\mockito\mockito-junit-jupiter\3.6.0\mockito-junit-jupiter-3.6.0.jar;C:\Users\田歌\.m2\repository\org\skyscreamer\jsonassert\1.5.0\jsonassert-1.5.0.jar;C:\Users\田歌\.m2\repository\com\vaadin\external\google\android-json\0.0.20131108.vaadin1\android-json-0.0.20131108.vaadin1.jar;C:\Users\田歌\.m2\repository\org\springframework\spring-core\5.3.1\spring-core-5.3.1.jar;C:\Users\田歌\.m2\repository\org\springframework\spring-jcl\5.3.1\spring-jcl-5.3.1.jar;C:\Users\田歌\.m2\repository\org\springframework\spring-test\5.3.1\spring-test-5.3.1.jar;C:\Users\田歌\.m2\repository\org\xmlunit\xmlunit-core\2.7.0\xmlunit-core-2.7.0.jar;C:\Users\田歌\.m2\repository\commons-io\commons-io\2.5\commons-io-2.5.jar;C:\Users\田歌\.m2\repository\com\github\tobato\fastdfs-client\1.27.2\fastdfs-client-1.27.2.jar;C:\Users\田歌\.m2\repository\org\slf4j\slf4j-api\1.7.30\slf4j-api-1.7.30.jar;C:\Users\田歌\.m2\repository\org\slf4j\jcl-over-slf4j\1.7.30\jcl-over-slf4j-1.7.30.jar;C:\Users\田歌\.m2\repository\org\apache\commons\commons-lang3\3.11\commons-lang3-3.11.jar;C:\Users\田歌\.m2\repository\commons-beanutils\commons-beanutils\1.9.3\commons-beanutils-1.9.3.jar;C:\Users\田歌\.m2\repository\commons-collections\commons-collections\3.2.2\commons-collections-3.2.2.jar;C:\Users\田歌\.m2\repository\org\apache\commons\commons-pool2\2.9.0\commons-pool2-2.9.0.jar;C:\Users\田歌\.m2\repository\org\hibernate\validator\hibernate-validator\6.1.6.Final\hibernate-validator-6.1.6.Final.jar;C:\Users\田歌\.m2\repository\jakarta\validation\jakarta.validation-api\2.0.2\jakarta.validation-api-2.0.2.jar;C:\Users\田歌\.m2\repository\org\jboss\logging\jboss-logging\3.4.1.Final\jboss-logging-3.4.1.Final.jar;C:\Users\田歌\.m2\repository\com\fasterxml\classmate\1.5.1\classmate-1.5.1.jar;C:\Users\田歌\.m2\repository\org\springframework\spring-context\5.3.1\spring-context-5.3.1.jar;C:\Users\田歌\.m2\repository\net\coobird\thumbnailator\0.4.8\thumbnailator-0.4.8.jar;C:\Users\田歌\.m2\repository\org\springframework\spring-mock\2.0.6\spring-mock-2.0.6.jar;C:\Users\田歌\.m2\repository\commons-logging\commons-logging\1.1\commons-logging-1.1.jar;C:\Users\田歌\.m2\repository\log4j\log4j\1.2.12\log4j-1.2.12.jar;C:\Users\田歌\.m2\repository\logkit\logkit\1.0.1\logkit-1.0.1.jar;C:\Users\田歌\.m2\repository\avalon-framework\avalon-framework\4.1.3\avalon-framework-4.1.3.jar;C:\Users\田歌\.m2\repository\javax\servlet\servlet-api\2.3\servlet-api-2.3.jar;C:\Users\田歌\.m2\repository\org\springframework\boot\spring-boot-starter-mail\2.4.0\spring-boot-starter-mail-2.4.0.jar;C:\Users\田歌\.m2\repository\org\springframework\spring-context-support\5.3.1\spring-context-support-5.3.1.jar;C:\Users\田歌\.m2\repository\com\sun\mail\jakarta.mail\1.6.5\jakarta.mail-1.6.5.jar;C:\Users\田歌\.m2\repository\com\sun\activation\jakarta.activation\1.2.2\jakarta.activation-1.2.2.jar;C:\Users\田歌\.m2\repository\com\github\pagehelper\pagehelper-spring-boot-starter\1.2.5\pagehelper-spring-boot-starter-1.2.5.jar;C:\Users\田歌\.m2\repository\com\github\pagehelper\pagehelper-spring-boot-autoconfigure\1.2.5\pagehelper-spring-boot-autoconfigure-1.2.5.jar;C:\Users\田歌\.m2\repository\com\github\pagehelper\pagehelper\5.1.4\pagehelper-5.1.4.jar;C:\Users\田歌\.m2\repository\com\github\jsqlparser\jsqlparser\1.0\jsqlparser-1.0.jar;C:\Users\田歌\.m2\repository\com\auth0\java-jwt\3.4.0\java-jwt-3.4.0.jar;C:\Users\田歌\.m2\repository\com\fasterxml\jackson\core\jackson-databind\2.11.3\jackson-databind-2.11.3.jar;C:\Users\田歌\.m2\repository\com\fasterxml\jackson\core\jackson-annotations\2.11.3\jackson-annotations-2.11.3.jar;C:\Users\田歌\.m2\repository\com\fasterxml\jackson\core\jackson-core\2.11.3\jackson-core-2.11.3.jar;C:\Users\田歌\.m2\repository\commons-codec\commons-codec\1.15\commons-codec-1.15.jar;C:\Users\田歌\.m2\repository\com\alibaba\cloud\spring-cloud-starter-alicloud-oss\2.1.0.RELEASE\spring-cloud-starter-alicloud-oss-2.1.0.RELEASE.jar;C:\Users\田歌\.m2\repository\com\alibaba\cloud\spring-cloud-alicloud-oss\2.1.0.RELEASE\spring-cloud-alicloud-oss-2.1.0.RELEASE.jar;C:\Users\田歌\.m2\repository\com\alibaba\cloud\spring-cloud-alicloud-context\2.1.0.RELEASE\spring-cloud-alicloud-context-2.1.0.RELEASE.jar;C:\Users\田歌\.m2\repository\com\alibaba\cloud\alicloud-context\1.0.5\alicloud-context-1.0.5.jar;C:\Users\田歌\.m2\repository\org\springframework\cloud\spring-cloud-commons\2.1.2.RELEASE\spring-cloud-commons-2.1.2.RELEASE.jar;C:\Users\田歌\.m2\repository\org\springframework\security\spring-security-crypto\5.4.1\spring-security-crypto-5.4.1.jar;C:\Users\田歌\.m2\repository\com\aliyun\oss\aliyun-sdk-oss\3.1.0\aliyun-sdk-oss-3.1.0.jar;C:\Users\田歌\.m2\repository\org\jdom\jdom\1.1\jdom-1.1.jar;C:\Users\田歌\.m2\repository\com\sun\jersey\jersey-json\1.9\jersey-json-1.9.jar;C:\Users\田歌\.m2\repository\org\codehaus\jettison\jettison\1.1\jettison-1.1.jar;C:\Users\田歌\.m2\repository\stax\stax-api\1.0.1\stax-api-1.0.1.jar;C:\Users\田歌\.m2\repository\com\sun\xml\bind\jaxb-impl\2.2.3-1\jaxb-impl-2.2.3-1.jar;C:\Users\田歌\.m2\repository\javax\xml\bind\jaxb-api\2.3.1\jaxb-api-2.3.1.jar;C:\Users\田歌\.m2\repository\javax\activation\javax.activation-api\1.2.0\javax.activation-api-1.2.0.jar;C:\Users\田歌\.m2\repository\org\codehaus\jackson\jackson-core-asl\1.8.3\jackson-core-asl-1.8.3.jar;C:\Users\田歌\.m2\repository\org\codehaus\jackson\jackson-mapper-asl\1.8.3\jackson-mapper-asl-1.8.3.jar;C:\Users\田歌\.m2\repository\org\codehaus\jackson\jackson-jaxrs\1.8.3\jackson-jaxrs-1.8.3.jar;C:\Users\田歌\.m2\repository\org\codehaus\jackson\jackson-xc\1.8.3\jackson-xc-1.8.3.jar;C:\Users\田歌\.m2\repository\com\sun\jersey\jersey-core\1.9\jersey-core-1.9.jar;C:\Users\田歌\.m2\repository\com\aliyun\aliyun-java-sdk-core\3.4.0\aliyun-java-sdk-core-3.4.0.jar;C:\Users\田歌\.m2\repository\org\json\json\20170516\json-20170516.jar;C:\Users\田歌\.m2\repository\com\aliyun\aliyun-java-sdk-ram\3.0.0\aliyun-java-sdk-ram-3.0.0.jar;C:\Users\田歌\.m2\repository\com\aliyun\aliyun-java-sdk-sts\3.0.0\aliyun-java-sdk-sts-3.0.0.jar;C:\Users\田歌\.m2\repository\com\aliyun\aliyun-java-sdk-ecs\4.2.0\aliyun-java-sdk-ecs-4.2.0.jar;C:\Users\田歌\.m2\repository\com\alibaba\druid\1.1.8\druid-1.1.8.jar;C:\Users\田歌\.m2\repository\junit\junit\4.12\junit-4.12.jar;C:\Users\田歌\.m2\repository\org\hamcrest\hamcrest-core\2.2\hamcrest-core-2.2.jar;C:\Users\田歌\.m2\repository\org\mybatis\generator\mybatis-generator-maven-plugin\1.4.0\mybatis-generator-maven-plugin-1.4.0.jar;C:\Users\田歌\.m2\repository\org\apache\maven\maven-plugin-api\3.6.2\maven-plugin-api-3.6.2.jar;C:\Users\田歌\.m2\repository\org\apache\maven\maven-model\3.6.2\maven-model-3.6.2.jar;C:\Users\田歌\.m2\repository\org\apache\maven\maven-artifact\3.6.2\maven-artifact-3.6.2.jar;C:\Users\田歌\.m2\repository\org\eclipse\sisu\org.eclipse.sisu.plexus\0.3.3\org.eclipse.sisu.plexus-0.3.3.jar;C:\Users\田歌\.m2\repository\javax\enterprise\cdi-api\1.0\cdi-api-1.0.jar;C:\Users\田歌\.m2\repository\javax\annotation\jsr250-api\1.0\jsr250-api-1.0.jar;C:\Users\田歌\.m2\repository\javax\inject\javax.inject\1\javax.inject-1.jar;C:\Users\田歌\.m2\repository\org\eclipse\sisu\org.eclipse.sisu.inject\0.3.3\org.eclipse.sisu.inject-0.3.3.jar;C:\Users\田歌\.m2\repository\org\codehaus\plexus\plexus-component-annotations\1.5.5\plexus-component-annotations-1.5.5.jar;C:\Users\田歌\.m2\repository\org\codehaus\plexus\plexus-utils\3.2.1\plexus-utils-3.2.1.jar;C:\Users\田歌\.m2\repository\org\codehaus\plexus\plexus-classworlds\2.6.0\plexus-classworlds-2.6.0.jar;C:\Users\田歌\.m2\repository\org\mybatis\generator\mybatis-generator-core\1.4.0\mybatis-generator-core-1.4.0.jar;C:\Users\田歌\.m2\repository\org\apache\shiro\shiro-spring-boot-starter\1.5.3\shiro-spring-boot-starter-1.5.3.jar;C:\Users\田歌\.m2\repository\org\apache\shiro\shiro-spring\1.5.3\shiro-spring-1.5.3.jar;C:\Users\田歌\.m2\repository\org\apache\shiro\shiro-core\1.5.3\shiro-core-1.5.3.jar;C:\Users\田歌\.m2\repository\org\apache\shiro\shiro-lang\1.5.3\shiro-lang-1.5.3.jar;C:\Users\田歌\.m2\repository\org\apache\shiro\shiro-cache\1.5.3\shiro-cache-1.5.3.jar;C:\Users\田歌\.m2\repository\org\apache\shiro\shiro-crypto-hash\1.5.3\shiro-crypto-hash-1.5.3.jar;C:\Users\田歌\.m2\repository\org\apache\shiro\shiro-crypto-core\1.5.3\shiro-crypto-core-1.5.3.jar;C:\Users\田歌\.m2\repository\org\apache\shiro\shiro-crypto-cipher\1.5.3\shiro-crypto-cipher-1.5.3.jar;C:\Users\田歌\.m2\repository\org\apache\shiro\shiro-config-core\1.5.3\shiro-config-core-1.5.3.jar;C:\Users\田歌\.m2\repository\org\apache\shiro\shiro-config-ogdl\1.5.3\shiro-config-ogdl-1.5.3.jar;C:\Users\田歌\.m2\repository\org\apache\shiro\shiro-event\1.5.3\shiro-event-1.5.3.jar;C:\Users\田歌\.m2\repository\org\apache\shiro\shiro-web\1.5.3\shiro-web-1.5.3.jar;C:\Users\田歌\.m2\repository\org\owasp\encoder\encoder\1.2.2\encoder-1.2.2.jar;"/>
    <property name="java.vm.vendor" value="Oracle Corporation"/>
    <property name="sun.arch.data.model" value="64"/>
    <property name="user.variant" value=""/>
    <property name="java.vendor.url" value="http://java.oracle.com/"/>
    <property name="user.timezone" value="Asia/Shanghai"/>
    <property name="java.vm.specification.version" value="1.8"/>
    <property name="os.name" value="Windows 10"/>
    <property name="user.country" value="CN"/>
    <property name="sun.java.launcher" value="SUN_STANDARD"/>
    <property name="sun.boot.library.path" value="C:\Program Files\Java\jdk1.8.0_131\jre\bin"/>
    <property name="sun.java.command" value="C:\Users\田歌\AppData\Local\Temp\surefire3873992634026749518\surefirebooter3902990575505872567.jar C:\Users\田歌\AppData\Local\Temp\surefire3873992634026749518 2021-01-01T22-05-51_702-jvmRun1 surefire2897035383522560204tmp surefire_02847982165541792049tmp"/>
    <property name="surefire.test.class.path" value="D:\biyesheji\springbootAdmin\AdminSpringboot\remeberme\target\test-classes;D:\biyesheji\springbootAdmin\AdminSpringboot\remeberme\target\classes;C:\Users\田歌\.m2\repository\org\springframework\boot\spring-boot-starter-activemq\2.4.0\spring-boot-starter-activemq-2.4.0.jar;C:\Users\田歌\.m2\repository\org\springframework\boot\spring-boot-starter\2.4.0\spring-boot-starter-2.4.0.jar;C:\Users\田歌\.m2\repository\jakarta\annotation\jakarta.annotation-api\1.3.5\jakarta.annotation-api-1.3.5.jar;C:\Users\田歌\.m2\repository\org\yaml\snakeyaml\1.27\snakeyaml-1.27.jar;C:\Users\田歌\.m2\repository\org\springframework\spring-jms\5.3.1\spring-jms-5.3.1.jar;C:\Users\田歌\.m2\repository\org\springframework\spring-beans\5.3.1\spring-beans-5.3.1.jar;C:\Users\田歌\.m2\repository\org\springframework\spring-messaging\5.3.1\spring-messaging-5.3.1.jar;C:\Users\田歌\.m2\repository\org\springframework\spring-tx\5.3.1\spring-tx-5.3.1.jar;C:\Users\田歌\.m2\repository\org\apache\activemq\activemq-broker\5.16.0\activemq-broker-5.16.0.jar;C:\Users\田歌\.m2\repository\org\apache\activemq\activemq-client\5.16.0\activemq-client-5.16.0.jar;C:\Users\田歌\.m2\repository\org\fusesource\hawtbuf\hawtbuf\1.11\hawtbuf-1.11.jar;C:\Users\田歌\.m2\repository\org\apache\geronimo\specs\geronimo-j2ee-management_1.1_spec\1.0.1\geronimo-j2ee-management_1.1_spec-1.0.1.jar;C:\Users\田歌\.m2\repository\org\apache\activemq\activemq-openwire-legacy\5.16.0\activemq-openwire-legacy-5.16.0.jar;C:\Users\田歌\.m2\repository\jakarta\jms\jakarta.jms-api\2.0.3\jakarta.jms-api-2.0.3.jar;C:\Users\田歌\.m2\repository\com\alibaba\fastjson\1.2.66\fastjson-1.2.66.jar;C:\Users\田歌\.m2\repository\org\elasticsearch\client\elasticsearch-rest-high-level-client\7.4.2\elasticsearch-rest-high-level-client-7.4.2.jar;C:\Users\田歌\.m2\repository\org\elasticsearch\elasticsearch\7.4.2\elasticsearch-7.4.2.jar;C:\Users\田歌\.m2\repository\org\elasticsearch\elasticsearch-core\7.4.2\elasticsearch-core-7.4.2.jar;C:\Users\田歌\.m2\repository\org\elasticsearch\elasticsearch-secure-sm\7.4.2\elasticsearch-secure-sm-7.4.2.jar;C:\Users\田歌\.m2\repository\org\elasticsearch\elasticsearch-x-content\7.4.2\elasticsearch-x-content-7.4.2.jar;C:\Users\田歌\.m2\repository\com\fasterxml\jackson\dataformat\jackson-dataformat-smile\2.11.3\jackson-dataformat-smile-2.11.3.jar;C:\Users\田歌\.m2\repository\com\fasterxml\jackson\dataformat\jackson-dataformat-yaml\2.11.3\jackson-dataformat-yaml-2.11.3.jar;C:\Users\田歌\.m2\repository\com\fasterxml\jackson\dataformat\jackson-dataformat-cbor\2.11.3\jackson-dataformat-cbor-2.11.3.jar;C:\Users\田歌\.m2\repository\org\elasticsearch\elasticsearch-geo\7.4.2\elasticsearch-geo-7.4.2.jar;C:\Users\田歌\.m2\repository\org\apache\lucene\lucene-core\8.2.0\lucene-core-8.2.0.jar;C:\Users\田歌\.m2\repository\org\apache\lucene\lucene-analyzers-common\8.2.0\lucene-analyzers-common-8.2.0.jar;C:\Users\田歌\.m2\repository\org\apache\lucene\lucene-backward-codecs\8.2.0\lucene-backward-codecs-8.2.0.jar;C:\Users\田歌\.m2\repository\org\apache\lucene\lucene-grouping\8.2.0\lucene-grouping-8.2.0.jar;C:\Users\田歌\.m2\repository\org\apache\lucene\lucene-highlighter\8.2.0\lucene-highlighter-8.2.0.jar;C:\Users\田歌\.m2\repository\org\apache\lucene\lucene-join\8.2.0\lucene-join-8.2.0.jar;C:\Users\田歌\.m2\repository\org\apache\lucene\lucene-memory\8.2.0\lucene-memory-8.2.0.jar;C:\Users\田歌\.m2\repository\org\apache\lucene\lucene-misc\8.2.0\lucene-misc-8.2.0.jar;C:\Users\田歌\.m2\repository\org\apache\lucene\lucene-queries\8.2.0\lucene-queries-8.2.0.jar;C:\Users\田歌\.m2\repository\org\apache\lucene\lucene-queryparser\8.2.0\lucene-queryparser-8.2.0.jar;C:\Users\田歌\.m2\repository\org\apache\lucene\lucene-sandbox\8.2.0\lucene-sandbox-8.2.0.jar;C:\Users\田歌\.m2\repository\org\apache\lucene\lucene-spatial\8.2.0\lucene-spatial-8.2.0.jar;C:\Users\田歌\.m2\repository\org\apache\lucene\lucene-spatial-extras\8.2.0\lucene-spatial-extras-8.2.0.jar;C:\Users\田歌\.m2\repository\org\apache\lucene\lucene-spatial3d\8.2.0\lucene-spatial3d-8.2.0.jar;C:\Users\田歌\.m2\repository\org\apache\lucene\lucene-suggest\8.2.0\lucene-suggest-8.2.0.jar;C:\Users\田歌\.m2\repository\org\elasticsearch\elasticsearch-cli\7.4.2\elasticsearch-cli-7.4.2.jar;C:\Users\田歌\.m2\repository\net\sf\jopt-simple\jopt-simple\5.0.2\jopt-simple-5.0.2.jar;C:\Users\田歌\.m2\repository\com\carrotsearch\hppc\0.8.1\hppc-0.8.1.jar;C:\Users\田歌\.m2\repository\joda-time\joda-time\2.10.3\joda-time-2.10.3.jar;C:\Users\田歌\.m2\repository\com\tdunning\t-digest\3.2\t-digest-3.2.jar;C:\Users\田歌\.m2\repository\org\hdrhistogram\HdrHistogram\2.1.9\HdrHistogram-2.1.9.jar;C:\Users\田歌\.m2\repository\org\apache\logging\log4j\log4j-api\2.13.3\log4j-api-2.13.3.jar;C:\Users\田歌\.m2\repository\org\elasticsearch\jna\4.5.1\jna-4.5.1.jar;C:\Users\田歌\.m2\repository\org\elasticsearch\client\elasticsearch-rest-client\7.4.2\elasticsearch-rest-client-7.4.2.jar;C:\Users\田歌\.m2\repository\org\apache\httpcomponents\httpclient\4.5.13\httpclient-4.5.13.jar;C:\Users\田歌\.m2\repository\org\apache\httpcomponents\httpcore\4.4.13\httpcore-4.4.13.jar;C:\Users\田歌\.m2\repository\org\apache\httpcomponents\httpasyncclient\4.1.4\httpasyncclient-4.1.4.jar;C:\Users\田歌\.m2\repository\org\apache\httpcomponents\httpcore-nio\4.4.13\httpcore-nio-4.4.13.jar;C:\Users\田歌\.m2\repository\org\elasticsearch\plugin\mapper-extras-client\7.4.2\mapper-extras-client-7.4.2.jar;C:\Users\田歌\.m2\repository\org\elasticsearch\plugin\parent-join-client\7.4.2\parent-join-client-7.4.2.jar;C:\Users\田歌\.m2\repository\org\elasticsearch\plugin\aggs-matrix-stats-client\7.4.2\aggs-matrix-stats-client-7.4.2.jar;C:\Users\田歌\.m2\repository\org\elasticsearch\plugin\rank-eval-client\7.4.2\rank-eval-client-7.4.2.jar;C:\Users\田歌\.m2\repository\org\elasticsearch\plugin\lang-mustache-client\7.4.2\lang-mustache-client-7.4.2.jar;C:\Users\田歌\.m2\repository\com\github\spullara\mustache\java\compiler\0.9.3\compiler-0.9.3.jar;C:\Users\田歌\.m2\repository\org\projectlombok\lombok\1.16.18\lombok-1.16.18.jar;C:\Users\田歌\.m2\repository\org\springframework\boot\spring-boot-starter-logging\2.1.6.RELEASE\spring-boot-starter-logging-2.1.6.RELEASE.jar;C:\Users\田歌\.m2\repository\ch\qos\logback\logback-classic\1.2.3\logback-classic-1.2.3.jar;C:\Users\田歌\.m2\repository\ch\qos\logback\logback-core\1.2.3\logback-core-1.2.3.jar;C:\Users\田歌\.m2\repository\org\apache\logging\log4j\log4j-to-slf4j\2.13.3\log4j-to-slf4j-2.13.3.jar;C:\Users\田歌\.m2\repository\org\slf4j\jul-to-slf4j\1.7.30\jul-to-slf4j-1.7.30.jar;C:\Users\田歌\.m2\repository\org\springframework\boot\spring-boot-starter-data-redis\2.4.0\spring-boot-starter-data-redis-2.4.0.jar;C:\Users\田歌\.m2\repository\org\springframework\data\spring-data-redis\2.4.1\spring-data-redis-2.4.1.jar;C:\Users\田歌\.m2\repository\org\springframework\data\spring-data-keyvalue\2.4.1\spring-data-keyvalue-2.4.1.jar;C:\Users\田歌\.m2\repository\org\springframework\data\spring-data-commons\2.4.1\spring-data-commons-2.4.1.jar;C:\Users\田歌\.m2\repository\org\springframework\spring-oxm\5.3.1\spring-oxm-5.3.1.jar;C:\Users\田歌\.m2\repository\org\springframework\spring-aop\5.3.1\spring-aop-5.3.1.jar;C:\Users\田歌\.m2\repository\io\lettuce\lettuce-core\6.0.1.RELEASE\lettuce-core-6.0.1.RELEASE.jar;C:\Users\田歌\.m2\repository\io\netty\netty-common\4.1.54.Final\netty-common-4.1.54.Final.jar;C:\Users\田歌\.m2\repository\io\netty\netty-handler\4.1.54.Final\netty-handler-4.1.54.Final.jar;C:\Users\田歌\.m2\repository\io\netty\netty-resolver\4.1.54.Final\netty-resolver-4.1.54.Final.jar;C:\Users\田歌\.m2\repository\io\netty\netty-buffer\4.1.54.Final\netty-buffer-4.1.54.Final.jar;C:\Users\田歌\.m2\repository\io\netty\netty-codec\4.1.54.Final\netty-codec-4.1.54.Final.jar;C:\Users\田歌\.m2\repository\io\netty\netty-transport\4.1.54.Final\netty-transport-4.1.54.Final.jar;C:\Users\田歌\.m2\repository\io\projectreactor\reactor-core\3.4.0\reactor-core-3.4.0.jar;C:\Users\田歌\.m2\repository\org\reactivestreams\reactive-streams\1.0.3\reactive-streams-1.0.3.jar;C:\Users\田歌\.m2\repository\org\springframework\boot\spring-boot-starter-jdbc\2.4.0\spring-boot-starter-jdbc-2.4.0.jar;C:\Users\田歌\.m2\repository\com\zaxxer\HikariCP\3.4.5\HikariCP-3.4.5.jar;C:\Users\田歌\.m2\repository\org\springframework\spring-jdbc\5.3.1\spring-jdbc-5.3.1.jar;C:\Users\田歌\.m2\repository\org\springframework\boot\spring-boot-starter-web\2.4.0\spring-boot-starter-web-2.4.0.jar;C:\Users\田歌\.m2\repository\org\springframework\boot\spring-boot-starter-json\2.4.0\spring-boot-starter-json-2.4.0.jar;C:\Users\田歌\.m2\repository\com\fasterxml\jackson\datatype\jackson-datatype-jdk8\2.11.3\jackson-datatype-jdk8-2.11.3.jar;C:\Users\田歌\.m2\repository\com\fasterxml\jackson\datatype\jackson-datatype-jsr310\2.11.3\jackson-datatype-jsr310-2.11.3.jar;C:\Users\田歌\.m2\repository\com\fasterxml\jackson\module\jackson-module-parameter-names\2.11.3\jackson-module-parameter-names-2.11.3.jar;C:\Users\田歌\.m2\repository\org\springframework\boot\spring-boot-starter-tomcat\2.4.0\spring-boot-starter-tomcat-2.4.0.jar;C:\Users\田歌\.m2\repository\org\apache\tomcat\embed\tomcat-embed-core\9.0.39\tomcat-embed-core-9.0.39.jar;C:\Users\田歌\.m2\repository\org\glassfish\jakarta.el\3.0.3\jakarta.el-3.0.3.jar;C:\Users\田歌\.m2\repository\org\apache\tomcat\embed\tomcat-embed-websocket\9.0.39\tomcat-embed-websocket-9.0.39.jar;C:\Users\田歌\.m2\repository\org\springframework\spring-web\5.3.1\spring-web-5.3.1.jar;C:\Users\田歌\.m2\repository\org\springframework\spring-webmvc\5.3.1\spring-webmvc-5.3.1.jar;C:\Users\田歌\.m2\repository\org\springframework\spring-expression\5.3.1\spring-expression-5.3.1.jar;C:\Users\田歌\.m2\repository\org\mybatis\spring\boot\mybatis-spring-boot-starter\2.1.4\mybatis-spring-boot-starter-2.1.4.jar;C:\Users\田歌\.m2\repository\org\mybatis\spring\boot\mybatis-spring-boot-autoconfigure\2.1.4\mybatis-spring-boot-autoconfigure-2.1.4.jar;C:\Users\田歌\.m2\repository\org\mybatis\mybatis\3.5.6\mybatis-3.5.6.jar;C:\Users\田歌\.m2\repository\org\mybatis\mybatis-spring\2.0.6\mybatis-spring-2.0.6.jar;C:\Users\田歌\.m2\repository\org\springframework\boot\spring-boot-devtools\2.4.0\spring-boot-devtools-2.4.0.jar;C:\Users\田歌\.m2\repository\org\springframework\boot\spring-boot\2.4.0\spring-boot-2.4.0.jar;C:\Users\田歌\.m2\repository\org\springframework\boot\spring-boot-autoconfigure\2.4.0\spring-boot-autoconfigure-2.4.0.jar;C:\Users\田歌\.m2\repository\mysql\mysql-connector-java\5.1.35\mysql-connector-java-5.1.35.jar;C:\Users\田歌\.m2\repository\org\springframework\boot\spring-boot-starter-test\2.4.0\spring-boot-starter-test-2.4.0.jar;C:\Users\田歌\.m2\repository\org\springframework\boot\spring-boot-test\2.4.0\spring-boot-test-2.4.0.jar;C:\Users\田歌\.m2\repository\org\springframework\boot\spring-boot-test-autoconfigure\2.4.0\spring-boot-test-autoconfigure-2.4.0.jar;C:\Users\田歌\.m2\repository\com\jayway\jsonpath\json-path\2.4.0\json-path-2.4.0.jar;C:\Users\田歌\.m2\repository\net\minidev\json-smart\2.3\json-smart-2.3.jar;C:\Users\田歌\.m2\repository\net\minidev\accessors-smart\1.2\accessors-smart-1.2.jar;C:\Users\田歌\.m2\repository\org\ow2\asm\asm\5.0.4\asm-5.0.4.jar;C:\Users\田歌\.m2\repository\jakarta\xml\bind\jakarta.xml.bind-api\2.3.3\jakarta.xml.bind-api-2.3.3.jar;C:\Users\田歌\.m2\repository\jakarta\activation\jakarta.activation-api\1.2.2\jakarta.activation-api-1.2.2.jar;C:\Users\田歌\.m2\repository\org\assertj\assertj-core\3.18.1\assertj-core-3.18.1.jar;C:\Users\田歌\.m2\repository\org\hamcrest\hamcrest\2.2\hamcrest-2.2.jar;C:\Users\田歌\.m2\repository\org\junit\jupiter\junit-jupiter\5.7.0\junit-jupiter-5.7.0.jar;C:\Users\田歌\.m2\repository\org\junit\jupiter\junit-jupiter-api\5.7.0\junit-jupiter-api-5.7.0.jar;C:\Users\田歌\.m2\repository\org\apiguardian\apiguardian-api\1.1.0\apiguardian-api-1.1.0.jar;C:\Users\田歌\.m2\repository\org\opentest4j\opentest4j\1.2.0\opentest4j-1.2.0.jar;C:\Users\田歌\.m2\repository\org\junit\platform\junit-platform-commons\1.7.0\junit-platform-commons-1.7.0.jar;C:\Users\田歌\.m2\repository\org\junit\jupiter\junit-jupiter-params\5.7.0\junit-jupiter-params-5.7.0.jar;C:\Users\田歌\.m2\repository\org\junit\jupiter\junit-jupiter-engine\5.7.0\junit-jupiter-engine-5.7.0.jar;C:\Users\田歌\.m2\repository\org\junit\platform\junit-platform-engine\1.7.0\junit-platform-engine-1.7.0.jar;C:\Users\田歌\.m2\repository\org\mockito\mockito-core\3.6.0\mockito-core-3.6.0.jar;C:\Users\田歌\.m2\repository\net\bytebuddy\byte-buddy\1.10.18\byte-buddy-1.10.18.jar;C:\Users\田歌\.m2\repository\net\bytebuddy\byte-buddy-agent\1.10.18\byte-buddy-agent-1.10.18.jar;C:\Users\田歌\.m2\repository\org\objenesis\objenesis\3.1\objenesis-3.1.jar;C:\Users\田歌\.m2\repository\org\mockito\mockito-junit-jupiter\3.6.0\mockito-junit-jupiter-3.6.0.jar;C:\Users\田歌\.m2\repository\org\skyscreamer\jsonassert\1.5.0\jsonassert-1.5.0.jar;C:\Users\田歌\.m2\repository\com\vaadin\external\google\android-json\0.0.20131108.vaadin1\android-json-0.0.20131108.vaadin1.jar;C:\Users\田歌\.m2\repository\org\springframework\spring-core\5.3.1\spring-core-5.3.1.jar;C:\Users\田歌\.m2\repository\org\springframework\spring-jcl\5.3.1\spring-jcl-5.3.1.jar;C:\Users\田歌\.m2\repository\org\springframework\spring-test\5.3.1\spring-test-5.3.1.jar;C:\Users\田歌\.m2\repository\org\xmlunit\xmlunit-core\2.7.0\xmlunit-core-2.7.0.jar;C:\Users\田歌\.m2\repository\commons-io\commons-io\2.5\commons-io-2.5.jar;C:\Users\田歌\.m2\repository\com\github\tobato\fastdfs-client\1.27.2\fastdfs-client-1.27.2.jar;C:\Users\田歌\.m2\repository\org\slf4j\slf4j-api\1.7.30\slf4j-api-1.7.30.jar;C:\Users\田歌\.m2\repository\org\slf4j\jcl-over-slf4j\1.7.30\jcl-over-slf4j-1.7.30.jar;C:\Users\田歌\.m2\repository\org\apache\commons\commons-lang3\3.11\commons-lang3-3.11.jar;C:\Users\田歌\.m2\repository\commons-beanutils\commons-beanutils\1.9.3\commons-beanutils-1.9.3.jar;C:\Users\田歌\.m2\repository\commons-collections\commons-collections\3.2.2\commons-collections-3.2.2.jar;C:\Users\田歌\.m2\repository\org\apache\commons\commons-pool2\2.9.0\commons-pool2-2.9.0.jar;C:\Users\田歌\.m2\repository\org\hibernate\validator\hibernate-validator\6.1.6.Final\hibernate-validator-6.1.6.Final.jar;C:\Users\田歌\.m2\repository\jakarta\validation\jakarta.validation-api\2.0.2\jakarta.validation-api-2.0.2.jar;C:\Users\田歌\.m2\repository\org\jboss\logging\jboss-logging\3.4.1.Final\jboss-logging-3.4.1.Final.jar;C:\Users\田歌\.m2\repository\com\fasterxml\classmate\1.5.1\classmate-1.5.1.jar;C:\Users\田歌\.m2\repository\org\springframework\spring-context\5.3.1\spring-context-5.3.1.jar;C:\Users\田歌\.m2\repository\net\coobird\thumbnailator\0.4.8\thumbnailator-0.4.8.jar;C:\Users\田歌\.m2\repository\org\springframework\spring-mock\2.0.6\spring-mock-2.0.6.jar;C:\Users\田歌\.m2\repository\commons-logging\commons-logging\1.1\commons-logging-1.1.jar;C:\Users\田歌\.m2\repository\log4j\log4j\1.2.12\log4j-1.2.12.jar;C:\Users\田歌\.m2\repository\logkit\logkit\1.0.1\logkit-1.0.1.jar;C:\Users\田歌\.m2\repository\avalon-framework\avalon-framework\4.1.3\avalon-framework-4.1.3.jar;C:\Users\田歌\.m2\repository\javax\servlet\servlet-api\2.3\servlet-api-2.3.jar;C:\Users\田歌\.m2\repository\org\springframework\boot\spring-boot-starter-mail\2.4.0\spring-boot-starter-mail-2.4.0.jar;C:\Users\田歌\.m2\repository\org\springframework\spring-context-support\5.3.1\spring-context-support-5.3.1.jar;C:\Users\田歌\.m2\repository\com\sun\mail\jakarta.mail\1.6.5\jakarta.mail-1.6.5.jar;C:\Users\田歌\.m2\repository\com\sun\activation\jakarta.activation\1.2.2\jakarta.activation-1.2.2.jar;C:\Users\田歌\.m2\repository\com\github\pagehelper\pagehelper-spring-boot-starter\1.2.5\pagehelper-spring-boot-starter-1.2.5.jar;C:\Users\田歌\.m2\repository\com\github\pagehelper\pagehelper-spring-boot-autoconfigure\1.2.5\pagehelper-spring-boot-autoconfigure-1.2.5.jar;C:\Users\田歌\.m2\repository\com\github\pagehelper\pagehelper\5.1.4\pagehelper-5.1.4.jar;C:\Users\田歌\.m2\repository\com\github\jsqlparser\jsqlparser\1.0\jsqlparser-1.0.jar;C:\Users\田歌\.m2\repository\com\auth0\java-jwt\3.4.0\java-jwt-3.4.0.jar;C:\Users\田歌\.m2\repository\com\fasterxml\jackson\core\jackson-databind\2.11.3\jackson-databind-2.11.3.jar;C:\Users\田歌\.m2\repository\com\fasterxml\jackson\core\jackson-annotations\2.11.3\jackson-annotations-2.11.3.jar;C:\Users\田歌\.m2\repository\com\fasterxml\jackson\core\jackson-core\2.11.3\jackson-core-2.11.3.jar;C:\Users\田歌\.m2\repository\commons-codec\commons-codec\1.15\commons-codec-1.15.jar;C:\Users\田歌\.m2\repository\com\alibaba\cloud\spring-cloud-starter-alicloud-oss\2.1.0.RELEASE\spring-cloud-starter-alicloud-oss-2.1.0.RELEASE.jar;C:\Users\田歌\.m2\repository\com\alibaba\cloud\spring-cloud-alicloud-oss\2.1.0.RELEASE\spring-cloud-alicloud-oss-2.1.0.RELEASE.jar;C:\Users\田歌\.m2\repository\com\alibaba\cloud\spring-cloud-alicloud-context\2.1.0.RELEASE\spring-cloud-alicloud-context-2.1.0.RELEASE.jar;C:\Users\田歌\.m2\repository\com\alibaba\cloud\alicloud-context\1.0.5\alicloud-context-1.0.5.jar;C:\Users\田歌\.m2\repository\org\springframework\cloud\spring-cloud-commons\2.1.2.RELEASE\spring-cloud-commons-2.1.2.RELEASE.jar;C:\Users\田歌\.m2\repository\org\springframework\security\spring-security-crypto\5.4.1\spring-security-crypto-5.4.1.jar;C:\Users\田歌\.m2\repository\com\aliyun\oss\aliyun-sdk-oss\3.1.0\aliyun-sdk-oss-3.1.0.jar;C:\Users\田歌\.m2\repository\org\jdom\jdom\1.1\jdom-1.1.jar;C:\Users\田歌\.m2\repository\com\sun\jersey\jersey-json\1.9\jersey-json-1.9.jar;C:\Users\田歌\.m2\repository\org\codehaus\jettison\jettison\1.1\jettison-1.1.jar;C:\Users\田歌\.m2\repository\stax\stax-api\1.0.1\stax-api-1.0.1.jar;C:\Users\田歌\.m2\repository\com\sun\xml\bind\jaxb-impl\2.2.3-1\jaxb-impl-2.2.3-1.jar;C:\Users\田歌\.m2\repository\javax\xml\bind\jaxb-api\2.3.1\jaxb-api-2.3.1.jar;C:\Users\田歌\.m2\repository\javax\activation\javax.activation-api\1.2.0\javax.activation-api-1.2.0.jar;C:\Users\田歌\.m2\repository\org\codehaus\jackson\jackson-core-asl\1.8.3\jackson-core-asl-1.8.3.jar;C:\Users\田歌\.m2\repository\org\codehaus\jackson\jackson-mapper-asl\1.8.3\jackson-mapper-asl-1.8.3.jar;C:\Users\田歌\.m2\repository\org\codehaus\jackson\jackson-jaxrs\1.8.3\jackson-jaxrs-1.8.3.jar;C:\Users\田歌\.m2\repository\org\codehaus\jackson\jackson-xc\1.8.3\jackson-xc-1.8.3.jar;C:\Users\田歌\.m2\repository\com\sun\jersey\jersey-core\1.9\jersey-core-1.9.jar;C:\Users\田歌\.m2\repository\com\aliyun\aliyun-java-sdk-core\3.4.0\aliyun-java-sdk-core-3.4.0.jar;C:\Users\田歌\.m2\repository\org\json\json\20170516\json-20170516.jar;C:\Users\田歌\.m2\repository\com\aliyun\aliyun-java-sdk-ram\3.0.0\aliyun-java-sdk-ram-3.0.0.jar;C:\Users\田歌\.m2\repository\com\aliyun\aliyun-java-sdk-sts\3.0.0\aliyun-java-sdk-sts-3.0.0.jar;C:\Users\田歌\.m2\repository\com\aliyun\aliyun-java-sdk-ecs\4.2.0\aliyun-java-sdk-ecs-4.2.0.jar;C:\Users\田歌\.m2\repository\com\alibaba\druid\1.1.8\druid-1.1.8.jar;C:\Users\田歌\.m2\repository\junit\junit\4.12\junit-4.12.jar;C:\Users\田歌\.m2\repository\org\hamcrest\hamcrest-core\2.2\hamcrest-core-2.2.jar;C:\Users\田歌\.m2\repository\org\mybatis\generator\mybatis-generator-maven-plugin\1.4.0\mybatis-generator-maven-plugin-1.4.0.jar;C:\Users\田歌\.m2\repository\org\apache\maven\maven-plugin-api\3.6.2\maven-plugin-api-3.6.2.jar;C:\Users\田歌\.m2\repository\org\apache\maven\maven-model\3.6.2\maven-model-3.6.2.jar;C:\Users\田歌\.m2\repository\org\apache\maven\maven-artifact\3.6.2\maven-artifact-3.6.2.jar;C:\Users\田歌\.m2\repository\org\eclipse\sisu\org.eclipse.sisu.plexus\0.3.3\org.eclipse.sisu.plexus-0.3.3.jar;C:\Users\田歌\.m2\repository\javax\enterprise\cdi-api\1.0\cdi-api-1.0.jar;C:\Users\田歌\.m2\repository\javax\annotation\jsr250-api\1.0\jsr250-api-1.0.jar;C:\Users\田歌\.m2\repository\javax\inject\javax.inject\1\javax.inject-1.jar;C:\Users\田歌\.m2\repository\org\eclipse\sisu\org.eclipse.sisu.inject\0.3.3\org.eclipse.sisu.inject-0.3.3.jar;C:\Users\田歌\.m2\repository\org\codehaus\plexus\plexus-component-annotations\1.5.5\plexus-component-annotations-1.5.5.jar;C:\Users\田歌\.m2\repository\org\codehaus\plexus\plexus-utils\3.2.1\plexus-utils-3.2.1.jar;C:\Users\田歌\.m2\repository\org\codehaus\plexus\plexus-classworlds\2.6.0\plexus-classworlds-2.6.0.jar;C:\Users\田歌\.m2\repository\org\mybatis\generator\mybatis-generator-core\1.4.0\mybatis-generator-core-1.4.0.jar;C:\Users\田歌\.m2\repository\org\apache\shiro\shiro-spring-boot-starter\1.5.3\shiro-spring-boot-starter-1.5.3.jar;C:\Users\田歌\.m2\repository\org\apache\shiro\shiro-spring\1.5.3\shiro-spring-1.5.3.jar;C:\Users\田歌\.m2\repository\org\apache\shiro\shiro-core\1.5.3\shiro-core-1.5.3.jar;C:\Users\田歌\.m2\repository\org\apache\shiro\shiro-lang\1.5.3\shiro-lang-1.5.3.jar;C:\Users\田歌\.m2\repository\org\apache\shiro\shiro-cache\1.5.3\shiro-cache-1.5.3.jar;C:\Users\田歌\.m2\repository\org\apache\shiro\shiro-crypto-hash\1.5.3\shiro-crypto-hash-1.5.3.jar;C:\Users\田歌\.m2\repository\org\apache\shiro\shiro-crypto-core\1.5.3\shiro-crypto-core-1.5.3.jar;C:\Users\田歌\.m2\repository\org\apache\shiro\shiro-crypto-cipher\1.5.3\shiro-crypto-cipher-1.5.3.jar;C:\Users\田歌\.m2\repository\org\apache\shiro\shiro-config-core\1.5.3\shiro-config-core-1.5.3.jar;C:\Users\田歌\.m2\repository\org\apache\shiro\shiro-config-ogdl\1.5.3\shiro-config-ogdl-1.5.3.jar;C:\Users\田歌\.m2\repository\org\apache\shiro\shiro-event\1.5.3\shiro-event-1.5.3.jar;C:\Users\田歌\.m2\repository\org\apache\shiro\shiro-web\1.5.3\shiro-web-1.5.3.jar;C:\Users\田歌\.m2\repository\org\owasp\encoder\encoder\1.2.2\encoder-1.2.2.jar;"/>
    <property name="sun.cpu.endian" value="little"/>
    <property name="user.home" value="C:\Users\田歌"/>
    <property name="user.language" value="zh"/>
    <property name="java.specification.vendor" value="Oracle Corporation"/>
    <property name="java.home" value="C:\Program Files\Java\jdk1.8.0_131\jre"/>
    <property name="basedir" value="D:\biyesheji\springbootAdmin\AdminSpringboot\remeberme"/>
    <property name="file.separator" value="\"/>
    <property name="line.separator" value="&#10;"/>
    <property name="java.vm.specification.vendor" value="Oracle Corporation"/>
    <property name="java.specification.name" value="Java Platform API Specification"/>
    <property name="java.awt.graphicsenv" value="sun.awt.Win32GraphicsEnvironment"/>
    <property name="surefire.real.class.path" value="C:\Users\田歌\AppData\Local\Temp\surefire3873992634026749518\surefirebooter3902990575505872567.jar"/>
    <property name="sun.boot.class.path" value="C:\Program Files\Java\jdk1.8.0_131\jre\lib\resources.jar;C:\Program Files\Java\jdk1.8.0_131\jre\lib\rt.jar;C:\Program Files\Java\jdk1.8.0_131\jre\lib\sunrsasign.jar;C:\Program Files\Java\jdk1.8.0_131\jre\lib\jsse.jar;C:\Program Files\Java\jdk1.8.0_131\jre\lib\jce.jar;C:\Program Files\Java\jdk1.8.0_131\jre\lib\charsets.jar;C:\Program Files\Java\jdk1.8.0_131\jre\lib\jfr.jar;C:\Program Files\Java\jdk1.8.0_131\jre\classes"/>
    <property name="user.script" value=""/>
    <property name="sun.management.compiler" value="HotSpot 64-Bit Tiered Compilers"/>
    <property name="java.runtime.version" value="1.8.0_131-b11"/>
    <property name="user.name" value="田歌"/>
    <property name="path.separator" value=";"/>
    <property name="os.version" value="10.0"/>
    <property name="java.endorsed.dirs" value="C:\Program Files\Java\jdk1.8.0_131\jre\lib\endorsed"/>
    <property name="java.runtime.name" value="Java(TM) SE Runtime Environment"/>
    <property name="file.encoding" value="GBK"/>
    <property name="java.vm.name" value="Java HotSpot(TM) 64-Bit Server VM"/>
    <property name="localRepository" value="C:\Users\田歌\.m2\repository"/>
    <property name="java.vendor.url.bug" value="http://bugreport.sun.com/bugreport/"/>
    <property name="java.io.tmpdir" value="C:\Users\田歌\AppData\Local\Temp\"/>
    <property name="java.version" value="1.8.0_131"/>
    <property name="user.dir" value="D:\biyesheji\springbootAdmin\AdminSpringboot\remeberme"/>
    <property name="os.arch" value="amd64"/>
    <property name="java.vm.specification.name" value="Java Virtual Machine Specification"/>
    <property name="java.awt.printerjob" value="sun.awt.windows.WPrinterJob"/>
    <property name="sun.os.patch.level" value=""/>
    <property name="idea.version2019.3.3" value="true"/>
    <property name="java.library.path" value="C:\Program Files\Java\jdk1.8.0_131\jre\bin;C:\Windows\Sun\Java\bin;C:\Windows\system32;C:\Windows;C:\Program Files\Python37\Scripts\;C:\Program Files\Python37\;C:\Program Files (x86)\Intel\Intel(R) Management Engine Components\iCLS\;C:\Program Files\Intel\Intel(R) Management Engine Components\iCLS\;C:\Windows\system32;C:\Windows;C:\Windows\System32\Wbem;C:\Windows\System32\WindowsPowerShell\v1.0\;C:\Windows\System32\OpenSSH\;C:\Program Files (x86)\Intel\Intel(R) Management Engine Components\DAL;C:\Program Files\Intel\Intel(R) Management Engine Components\DAL;C:\Program Files (x86)\Intel\Intel(R) Management Engine Components\IPT;C:\Program Files\Intel\Intel(R) Management Engine Components\IPT;C:\Program Files (x86)\NVIDIA Corporation\PhysX\Common;C:\Users\田歌\AppData\Roaming\Microsoft\Windows\Start Menu\Programs\Python 3.7;C;\Program Files\MySQL\MySQL Server 5.5\bin;C:\Program Files (x86)\Windows Kits\8.1\Windows Performance Toolkit\;C:\Program Files\Microsoft SQL Server\110\Tools\Binn\;C:\Program Files\Microsoft SQL Server\120\Tools\Binn\;C:\Program Files\Microsoft SQL Server\Client SDK\ODBC\130\Tools\Binn\;C:\Program Files (x86)\Microsoft SQL Server\140\Tools\Binn\;C:\Program Files\Microsoft SQL Server\140\Tools\Binn\;C:\Program Files\Microsoft SQL Server\140\DTS\Binn\;C:\Program Files (x86)\Microsoft SQL Server\150\DTS\Binn\;C:\Program Files\nodejs\;C:\Program Files (x86)\Microsoft Visual Studio\Common\Tools\WinNT;C:\Program Files (x86)\Microsoft Visual Studio\Common\MSDev98\Bin;C:\Program Files (x86)\Microsoft Visual Studio\Common\Tools;C:\Program Files (x86)\Microsoft Visual Studio\VC98\bin;C:\Users\田歌\AppData\Local\Microsoft\WindowsApps;C:\Program Files (x86)\MySQL\MySQL Server 5.5\bin;C:\Program Files\Java\jdk1.8.0_201\bin;C:\Windows\Java\jdk1.8.0_201\bin;D:\Java\jdk1.8.0_201\bin;%JAVA%\jre\bin;C:\Program Files\JetBrains\PyCharm 2019.1.3\bin;;C:\AppServ\Apache24\bin;C:\AppServ\php5;C:\AppServ\MySQL\bin;C:\Program Files\Java\jdk1.8.0_131\bin;C:\Program Files\JetBrains\WebStorm 2019.3.3\bin;;C:\Program Files (x86)\Nmap;D:\aA\bin;D:\aA\gradle551\gradle-5.5.1\bin;D:\aA\apache-maven-3.6.3-bin\apache-maven-3.6.3\bin;C:\Program Files\erl8.3\bin;C:\Users\田歌\Desktop\spring\mongodb-win32-x86_64-2012plus-4.2.7\bin;C:\Users\田歌\AppData\Roaming\npm;C:\Program Files\nodejs\node_globalnpm\node_modules;C:\Users\田歌\IntelliJ IDEA Community Edition 2020.1.3\bin;;D:\IDEA 2019\bin;;D:\Ainstall\Git\bin;C:\Program Files\nodejs\node_globalnpm;;."/>
    <property name="java.vm.info" value="mixed mode"/>
    <property name="java.vendor" value="Oracle Corporation"/>
    <property name="java.vm.version" value="25.131-b11"/>
    <property name="java.ext.dirs" value="C:\Program Files\Java\jdk1.8.0_131\jre\lib\ext;C:\Windows\Sun\Java\lib\ext"/>
    <property name="sun.io.unicode.encoding" value="UnicodeLittle"/>
    <property name="java.class.version" value="52.0"/>
  </properties>
  <testcase name="myTest" classname="com.zhang.biyeseji.remeberme.RemebermeApplicationTests" time="0.237"/>
</testsuite>